<?xml version="1.0" encoding="UTF-8"?>
<!-- Generated by org.testng.reporters.JUnitReportReporter -->
<testsuite hostname="DESKTOP-6SEV4V9" failures="0" tests="1" name="firstProjectAutomationJuly.Myfirsttest" time="13.374" errors="0" timestamp="2024-07-28T22:51:57 AST" skipped="0">
  <testcase classname="firstProjectAutomationJuly.Myfirsttest" name="myfirsttest" time="13.374"/>
  <system-out/>
</testsuite> <!-- firstProjectAutomationJuly.Myfirsttest -->
