<?xml version="1.0" encoding="UTF-8"?>
<!-- Generated by org.testng.reporters.JUnitReportReporter -->
<testsuite hostname="DESKTOP-6SEV4V9" failures="0" tests="7" name="almosaferLastSeleniumTest.almosaferTest" time="2.267" errors="0" timestamp="2024-08-17T19:02:39 AST" skipped="0">
  <testcase classname="almosaferLastSeleniumTest.almosaferTest" name="checkifEnglishLanguage" time="0.049"/>
  <system-out/>
  <testcase classname="almosaferLastSeleniumTest.almosaferTest" name="checkifcurrencySAR" time="0.069"/>
  <system-out/>
  <testcase classname="almosaferLastSeleniumTest.almosaferTest" name="checkifCorrectPhone" time="0.031"/>
  <system-out/>
  <testcase classname="almosaferLastSeleniumTest.almosaferTest" name="checkQitafLogo" time="0.040"/>
  <system-out/>
  <testcase classname="almosaferLastSeleniumTest.almosaferTest" name="checkifHotelSelected" time="0.036"/>
  <system-out/>
  <testcase classname="almosaferLastSeleniumTest.almosaferTest" name="checkDepartureAndReturnDate" time="0.067"/>
  <system-out/>
  <testcase classname="almosaferLastSeleniumTest.almosaferTest" name="changeURL" time="1.975"/>
  <system-out/>
</testsuite> <!-- almosaferLastSeleniumTest.almosaferTest -->
