<?xml version="1.0" encoding="UTF-8"?>
<!-- Generated by org.testng.reporters.JUnitReportReporter -->
<testsuite hostname="DESKTOP-6SEV4V9" failures="0" tests="11" name="almosaferLastSeleniumTest.almosaferTest" time="26.869" errors="0" timestamp="2024-08-19T22:40:27 AST" skipped="0">
  <testcase classname="almosaferLastSeleniumTest.almosaferTest" name="checkifEnglishLanguage" time="0.045"/>
  <system-out/>
  <testcase classname="almosaferLastSeleniumTest.almosaferTest" name="checkifcurrencySAR" time="0.038"/>
  <system-out/>
  <testcase classname="almosaferLastSeleniumTest.almosaferTest" name="checkifCorrectPhone" time="0.031"/>
  <system-out/>
  <testcase classname="almosaferLastSeleniumTest.almosaferTest" name="checkQitafLogo" time="0.046"/>
  <system-out/>
  <testcase classname="almosaferLastSeleniumTest.almosaferTest" name="checkifHotelSelected" time="0.029"/>
  <system-out/>
  <testcase classname="almosaferLastSeleniumTest.almosaferTest" name="checkDepartureAndReturnDate" time="0.194"/>
  <system-out/>
  <testcase classname="almosaferLastSeleniumTest.almosaferTest" name="changeURL" time="2.427"/>
  <system-out/>
  <testcase classname="almosaferLastSeleniumTest.almosaferTest" name="searchSection" time="0.567"/>
  <system-out/>
  <testcase classname="almosaferLastSeleniumTest.almosaferTest" name="numberOfVisitors" time="9.357"/>
  <system-out/>
  <testcase classname="almosaferLastSeleniumTest.almosaferTest" name="assertOfREsult" time="12.503"/>
  <system-out/>
  <testcase classname="almosaferLastSeleniumTest.almosaferTest" name="lowestHotelPrice" time="1.632"/>
  <system-out/>
</testsuite> <!-- almosaferLastSeleniumTest.almosaferTest -->
