<?xml version="1.0" encoding="UTF-8"?>
<!-- Generated by org.testng.reporters.JUnitReportReporter -->
<testsuite hostname="DESKTOP-6SEV4V9" failures="0" tests="4" name="almosaferLastSeleniumTest.almosaferTest" time="0.183" errors="0" timestamp="2024-08-14T21:17:19 AST" skipped="0">
  <testcase classname="almosaferLastSeleniumTest.almosaferTest" name="checkifEnglishLanguage" time="0.065"/>
  <system-out/>
  <testcase classname="almosaferLastSeleniumTest.almosaferTest" name="checkifcurrencySAR" time="0.039"/>
  <system-out/>
  <testcase classname="almosaferLastSeleniumTest.almosaferTest" name="checkifCorrectPhone" time="0.032"/>
  <system-out/>
  <testcase classname="almosaferLastSeleniumTest.almosaferTest" name="checkQitafLogo" time="0.047"/>
  <system-out/>
</testsuite> <!-- almosaferLastSeleniumTest.almosaferTest -->
