<?xml version="1.0" encoding="UTF-8"?>
<!-- Generated by org.testng.reporters.JUnitReportReporter -->
<testsuite hostname="DESKTOP-6SEV4V9" failures="0" tests="11" name="almosaferLastSeleniumTest.almosaferTest" time="23.380" errors="0" timestamp="2024-08-20T22:54:50 AST" skipped="0">
  <testcase classname="almosaferLastSeleniumTest.almosaferTest" name="checkifEnglishLanguage" time="0.048"/>
  <system-out/>
  <testcase classname="almosaferLastSeleniumTest.almosaferTest" name="checkifcurrencySAR" time="0.040"/>
  <system-out/>
  <testcase classname="almosaferLastSeleniumTest.almosaferTest" name="checkifCorrectPhone" time="0.060"/>
  <system-out/>
  <testcase classname="almosaferLastSeleniumTest.almosaferTest" name="checkQitafLogo" time="0.035"/>
  <system-out/>
  <testcase classname="almosaferLastSeleniumTest.almosaferTest" name="checkifHotelSelected" time="0.033"/>
  <system-out/>
  <testcase classname="almosaferLastSeleniumTest.almosaferTest" name="checkDepartureAndReturnDate" time="0.044"/>
  <system-out/>
  <testcase classname="almosaferLastSeleniumTest.almosaferTest" name="changeURL" time="1.616"/>
  <system-out/>
  <testcase classname="almosaferLastSeleniumTest.almosaferTest" name="searchSection" time="0.956"/>
  <system-out/>
  <testcase classname="almosaferLastSeleniumTest.almosaferTest" name="numberOfVisitors" time="6.094"/>
  <system-out/>
  <testcase classname="almosaferLastSeleniumTest.almosaferTest" name="assertOfREsult" time="12.738"/>
  <system-out/>
  <testcase classname="almosaferLastSeleniumTest.almosaferTest" name="lowestHotelPrice" time="1.716"/>
  <system-out/>
</testsuite> <!-- almosaferLastSeleniumTest.almosaferTest -->
