<?xml version="1.0" encoding="UTF-8"?>
<!-- Generated by org.testng.reporters.JUnitReportReporter -->
<testsuite hostname="DESKTOP-6SEV4V9" failures="0" tests="2" name="secondTestAutomation.myLoginTestCases" time="0.801" errors="0" timestamp="2024-08-01T13:37:05 AST" skipped="0">
  <testcase classname="secondTestAutomation.myLoginTestCases" name="loginTest" time="0.494"/>
  <system-out/>
  <testcase classname="secondTestAutomation.myLoginTestCases" name="addToCardItemes" time="0.307"/>
  <system-out/>
</testsuite> <!-- secondTestAutomation.myLoginTestCases -->
